  Generating VST3/Debug/LA2A_Compressor.vst3/Contents/Resources/Snapshots/3E2117D28482586B8A7C0F0AD3C3EDC3_snapshot.png
  [SMTG] Copied C:/Users/grhys/VSTPlugins/LA2A_Compressor/resource/3E2117D28482586B8A7C0F0AD3C3EDC3_snapshot.png to C:/Users/grhys/VSTPlugins/LA2A_Compressor/build/VST3/Debug/LA2A_Compressor.vst3/Contents/Resources/Snapshots/3E2117D28482586B8A7C0F0AD3C3EDC3_snapshot.png
  Generating VST3/Debug/LA2A_Compressor.vst3/Contents/Resources/Snapshots/3E2117D28482586B8A7C0F0AD3C3EDC3_snapshot_2.0x.png
  [SMTG] Copied C:/Users/grhys/VSTPlugins/LA2A_Compressor/resource/3E2117D28482586B8A7C0F0AD3C3EDC3_snapshot_2.0x.png to C:/Users/grhys/VSTPlugins/LA2A_Compressor/build/VST3/Debug/LA2A_Compressor.vst3/Contents/Resources/Snapshots/3E2117D28482586B8A7C0F0AD3C3EDC3_snapshot_2.0x.png
  LA2Acontroller.cpp
C:\Users\grhys\VSTPlugins\LA2A_Compressor\source\LA2Acontroller.cpp(363,1): warning C4702: unreachable code
C:\Users\grhys\VSTPlugins\LA2A_Compressor\source\LA2Acontroller.cpp(367,1): warning C4715: 'MyCompanyName::LA2A_CompressorController::getParamStringByValue': not all control paths return a value
  LA2A_Compressor.vcxproj -> C:\Users\grhys\VSTPlugins\LA2A_Compressor\build\VST3\Debug\LA2A_Compressor.vst3\Contents\x86_64-win\LA2A_Compressor.vst3
  [SMTG] Copy PlugIn.ico and desktop.ini and change their attributes.			
  [SMTG] Validator started...
  * Loading module...
  
  	C:/Users/grhys/VSTPlugins/LA2A_Compressor/build/VST3/Debug/LA2A_Compressor.vst3
  
  * Check valid bundle structure...
  
  * Scanning classes...
  
    Factory Info:
  	vendor = RSmith Plugins
  	url = https://www.mycompanyname.com
  	email = mailto:grhys2001@gmail.com
  
    Class Info 0:
  	name = LA2A_Compressor
  	category = Audio Module Class
  	subCategories = Fx
  	version = 1.0.0.0
  	sdkVersion = VST 3.8.0
  	cid = 3E2117D28482586B8A7C0F0AD3C3EDC3
  
    Class Info 1:
  	name = LA2A_CompressorController
  	category = Component Controller Class
  	subCategories = 
  	version = 1.0.0.0
  	sdkVersion = VST 3.8.0
  	cid = 776B35EC74FF54549EC633A162FF29BD
  
  * Checking snapshots...
  
  Found snapshots for 'LA2A_Compressor'
   - C:/Users/grhys/VSTPlugins/LA2A_Compressor/build/VST3/Debug/LA2A_Compressor.vst3/Contents/Resources/Snapshots/3E2117D28482586B8A7C0F0AD3C3EDC3_snapshot.png [1x]
   - C:/Users/grhys/VSTPlugins/LA2A_Compressor/build/VST3/Debug/LA2A_Compressor.vst3/Contents/Resources/Snapshots/3E2117D28482586B8A7C0F0AD3C3EDC3_snapshot_2.0x.png [2x]
  
  * Creating tests...
  
  * Running tests...
  
  -------------------------------------------------------------
  TestSuite : LA2A_Compressor
  -------------------------------------------------------------
  
  -------------------------------------------------------------
  TestSuite : General Tests
  -------------------------------------------------------------
  
  [Scan Editor Classes]
  Info:  ===Scan Editor Classes ====================================
  Info:  This component has an edit controller class
  Info:     Controller CID: {776B35EC-74FF-5454-9EC6-33A162FF29BD}
  [Succeeded]
  
  [Scan Buses]
  Info:  ===Scan Buses ====================================
  Info:  => Audio Buses: [1 In(s) => 1 Out(s)]
  Info:       In [0]: "Stereo In" (Main-Default Active) 
  Info:       Out[0]: "Stereo Out" (Main-Default Active) 
  Info:  => Event Buses: [1 In(s) => 0 Out(s)]
  Info:       In [0]: "Event In" (Main-Default Active) 
  [Succeeded]
  
  [Scan Parameters]
  Info:  ===Scan Parameters ====================================
  Info:  This component exports 7 parameter(s)
  Info:     Parameter 000 (id=0): [title="Bypass"] [unit=""] [type = Discrete, default = 0.000000, unit = 0]
  Info:     Parameter 001 (id=1): [title="Input Gain"] [unit="dB"] [type = Float, default = 0.368421, unit = 0]
  Info:     Parameter 002 (id=2): [title="Reduction"] [unit="dB"] [type = Float, default = 0.368421, unit = 0]
  Info:     Parameter 003 (id=3): [title="Output Gain"] [unit="dB"] [type = Float, default = 0.252632, unit = 0]
  Info:     Parameter 004 (id=4): [title="Tone"] [unit=""] [type = Float, default = 0.500000, unit = 0]
  Info:     Parameter 005 (id=5): [title="Mix"] [unit=""] [type = Float, default = 0.500000, unit = 0]
  Info:     Parameter 006 (id=6): [title="Compression Type"] [unit=""] [type = Float, default = 1.000000, unit = 0]
  [Succeeded]
  
  [MIDI Mapping]
  Info:  ===MIDI Mapping ====================================
  Info:  No MIDI Mapping interface supplied!
  [Succeeded]
  
  [MIDI Learn]
  Info:  ===MIDI Learn ====================================
  Info:  No MIDI Learn interface supplied!
  [Succeeded]
  
  [Scan Units]
  Info:  ===Scan Units ====================================
  Info:  This component has no units.
  [Succeeded]
  
  [Scan Programs]
  Info:  ===Scan Programs ====================================
  Info:  This component does not export any programs.
  [Succeeded]
  
  [Terminate/Initialize]
  Info:  ===Terminate/Initialize ====================================
  [Succeeded]
  
  [Check Unit Structure]
  Info:  ===Check Unit Structure ====================================
  Info:  This component does not support IUnitInfo!
  [Succeeded]
  
  [Valid State Transition 32bits]
  Info:  ===Valid State Transition 32bits ====================================
  [Succeeded]
  
  [Valid State Transition 64bits]
  Info:  ===Valid State Transition 64bits ====================================
  Info:  64bit Audio Processing not supported.
  [Succeeded]
  
  [Bus Consistency]
  Info:  ===Bus Consistency ====================================
  [Succeeded]
  
  [Bus Activation]
  Info:  ===Bus Activation ====================================
  Info:     Bus Activation: Input Audio Bus (0) (kMain)
  Info:     Bus Activation: Output Audio Bus (0) (kMain)
  Info:     Bus Activation: Input Event Bus (0) (kMain)
  [Succeeded]
  
  [Check Audio Bus Arrangement]
  Info:  ===Check Audio Bus Arrangement ====================================
  Info:     Check Input Audio Bus Arrangement (0)
  Info:     Check Output Audio Bus Arrangement (0)
  [Succeeded]
  
  [SideChain Arrangement]
  Info:  ===SideChain Arrangement ====================================
  [Succeeded]
  
  [Suspend/Resume]
  Info:  ===Suspend/Resume ====================================
  [Succeeded]
  
  [Note Expression]
  Info:  ===Note Expression ====================================
  Info:  No Note Expression interface supplied!
  [Succeeded]
  
  [Keyswitch]
  Info:  ===Keyswitch ====================================
  Info:  No Keyswitch interface supplied!
  [Succeeded]
  
  [ProcessContext Requirements]
  Info:  ===ProcessContext Requirements ====================================
  Info:  ProcessContextRequirements:
  Info:   - None
  [Succeeded]
  
  -------------------------------------------------------------
  TestSuite : Single Precision (32 bit) Tests
  -------------------------------------------------------------
  
  [Process Test]
  [Succeeded]
  
  [Process function running in another thread]
  Info:  ===Process function running in another thread ====================================
  [Succeeded]
  
  [Silence Flags]
  Info:  ===Silence Flags ====================================
  [Succeeded]
  
  [Silence Processing]
  Info:  ===Silence Processing ====================================
  Info:  The component reported a wrong silent flag for its output buffer! : output is silent but silenceFlags not set !
  [Succeeded]
  
  [Parameters Flush (no Buffer)]
  Info:  ===Parameters Flush (no Buffer) ====================================
  [Succeeded]
  
  [Parameters Flush 2 (only numChannel==0)]
  Info:  ===Parameters Flush 2 (only numChannel==0) ====================================
  [Succeeded]
  
  [Parameters Flush 2 (no Buffer, no parameter change)]
  Info:  ===Parameters Flush 2 (no Buffer, no parameter change) ====================================
  [Succeeded]
  
  [Variable Block Size]
  Info:  ===Variable Block Size ====================================
  [Succeeded]
  
  [Process Format]
  Info:  ===Process Format ====================================
  Info:  ***Tested Sample Rates***
  Info:        22050 Hz - processed successfully!
  Info:        32000 Hz - processed successfully!
  Info:        44100 Hz - processed successfully!
  Info:        48000 Hz - processed successfully!
  Info:        88200 Hz - processed successfully!
  Info:        96000 Hz - processed successfully!
  Info:       192000 Hz - processed successfully!
  Info:       384000 Hz - processed successfully!
  Info:    1234.5678 Hz - processed successfully!
  Info:    12345.678 Hz - processed successfully!
  Info:    123456.78 Hz - processed successfully!
  Info:    1234567.8 Hz - processed successfully!
  [Succeeded]
  
  [Parameter Bypass persistence]
  Info:  ===Parameter Bypass persistence ====================================
  [Succeeded]
  
  [In: Stereo: 2 Channels, Out: Stereo: 2 Channels]
  Info:  ===In: Stereo: 2 Channels, Out: Stereo: 2 Channels ====================================
  [Succeeded]
  
  [In: Mono: 1 Channels, Out: Mono: 1 Channels]
  Info:  ===In: Mono: 1 Channels, Out: Mono: 1 Channels ====================================
  [Succeeded]
  
  [Accuracy: Block, 1 Parameters, Change every100 Samples]
  Info:  ===Accuracy: Block, 1 Parameters, Change every100 Samples ====================================
  [Succeeded]
  
  [Accuracy: Sample, 1 Parameters, Change every100 Samples]
  Info:  ===Accuracy: Sample, 1 Parameters, Change every100 Samples ====================================
  Info:     Not all points have been read via IParameterChanges
  [Succeeded]
  
  -------------------------------------------------------------
  TestSuite : Double Precision (64 bit) Tests
  -------------------------------------------------------------
  
  [Process Test]
  Info:  64bit Audio Processing not supported.
  [Succeeded]
  
  [Process function running in another thread]
  Info:  64bit Audio Processing not supported.
  [Succeeded]
  
  [Silence Flags]
  Info:  64bit Audio Processing not supported.
  [Succeeded]
  
  [Silence Processing]
  Info:  64bit Audio Processing not supported.
  [Succeeded]
  
  [Parameters Flush (no Buffer)]
  Info:  64bit Audio Processing not supported.
  [Succeeded]
  
  [Parameters Flush 2 (only numChannel==0)]
  Info:  64bit Audio Processing not supported.
  [Succeeded]
  
  [Parameters Flush 2 (no Buffer, no parameter change)]
  Info:  64bit Audio Processing not supported.
  [Succeeded]
  
  [Variable Block Size]
  Info:  64bit Audio Processing not supported.
  [Succeeded]
  
  [Process Format]
  Info:  64bit Audio Processing not supported.
  [Succeeded]
  
  [Parameter Bypass persistence]
  Info:  64bit Audio Processing not supported.
  [Succeeded]
  
  [In: Stereo: 2 Channels, Out: Stereo: 2 Channels]
  Info:  ===In: Stereo: 2 Channels, Out: Stereo: 2 Channels ====================================
  Info:  64bit Audio Processing not supported.
  [Succeeded]
  
  [In: Mono: 1 Channels, Out: Mono: 1 Channels]
  Info:  ===In: Mono: 1 Channels, Out: Mono: 1 Channels ====================================
  Info:  64bit Audio Processing not supported.
  [Succeeded]
  
  [Accuracy: Block, 1 Parameters, Change every100 Samples]
  Info:  ===Accuracy: Block, 1 Parameters, Change every100 Samples ====================================
  Info:  64bit Audio Processing not supported.
  [Succeeded]
  
  [Accuracy: Sample, 1 Parameters, Change every100 Samples]
  Info:  ===Accuracy: Sample, 1 Parameters, Change every100 Samples ====================================
  Info:  64bit Audio Processing not supported.
  [Succeeded]
  
  -------------------------------------------------------------
  Result: 47 tests passed, 0 tests failed
  -------------------------------------------------------------
  [SMTG] Validator finished.
  [SMTG] Delete previous link...
  [SMTG] Creation of the new link...
  [SMTG] Finished.
